<?xml version="1.0" encoding="UTF-8"?>
<testsuite xmlns:xsi="http://www.w3.org/2001/XMLSchema-instance" xsi:noNamespaceSchemaLocation="https://maven.apache.org/surefire/maven-surefire-plugin/xsd/surefire-test-report.xsd" name="com.tf.AreaTest" time="0.269" tests="7" errors="0" skipped="0" failures="1">
  <properties>
[...]
</properties>
  <testcase name="codRetaTest{int, int, int, int, SituacaoReta}[1]" classname="com.tf.AreaTest" time="0.079">
    <failure message="expected: &lt;TODA_DENTRO&gt; but was: &lt;TODA_FORA&gt;" type="org.opentest4j.AssertionFailedError"><![CDATA[org.opentest4j.AssertionFailedError: expected: <TODA_DENTRO> but was: <TODA_FORA>
	at com.tf.AreaTest.codRetaTest(AreaTest.java:46)
]]></failure>
  </testcase>
  <testcase name="codRetaTest{int, int, int, int, SituacaoReta}[2]" classname="com.tf.AreaTest" time="0.002"/>
  <testcase name="codRetaTest{int, int, int, int, SituacaoReta}[3]" classname="com.tf.AreaTest" time="0.001"/>
  <testcase name="codRetaTest{int, int, int, int, SituacaoReta}[4]" classname="com.tf.AreaTest" time="0.001"/>
  <testcase name="codRetaTest{int, int, int, int, SituacaoReta}[5]" classname="com.tf.AreaTest" time="0.001"/>
  <testcase name="codRetaTest{int, int, int, int, SituacaoReta}[6]" classname="com.tf.AreaTest" time="0.002"/>
  <testcase name="codRetaTest{int, int, int, int, SituacaoReta}[7]" classname="com.tf.AreaTest" time="0.001"/>
</testsuite>